running egg_info
creating ../../build/py_pubsub/py_pubsub.egg-info
writing ../../build/py_pubsub/py_pubsub.egg-info/PKG-INFO
writing dependency_links to ../../build/py_pubsub/py_pubsub.egg-info/dependency_links.txt
writing entry points to ../../build/py_pubsub/py_pubsub.egg-info/entry_points.txt
writing requirements to ../../build/py_pubsub/py_pubsub.egg-info/requires.txt
writing top-level names to ../../build/py_pubsub/py_pubsub.egg-info/top_level.txt
writing manifest file '../../build/py_pubsub/py_pubsub.egg-info/SOURCES.txt'
reading manifest file '../../build/py_pubsub/py_pubsub.egg-info/SOURCES.txt'
writing manifest file '../../build/py_pubsub/py_pubsub.egg-info/SOURCES.txt'
running build
running build_py
creating /home/matthew-cromer/Documents/ros2-pubsub-from-scratch/build/py_pubsub/build
creating /home/matthew-cromer/Documents/ros2-pubsub-from-scratch/build/py_pubsub/build/lib
creating /home/matthew-cromer/Documents/ros2-pubsub-from-scratch/build/py_pubsub/build/lib/py_pubsub
copying py_pubsub/publisher.py -> /home/matthew-cromer/Documents/ros2-pubsub-from-scratch/build/py_pubsub/build/lib/py_pubsub
copying py_pubsub/subscriber.py -> /home/matthew-cromer/Documents/ros2-pubsub-from-scratch/build/py_pubsub/build/lib/py_pubsub
copying py_pubsub/__init__.py -> /home/matthew-cromer/Documents/ros2-pubsub-from-scratch/build/py_pubsub/build/lib/py_pubsub
running install
running install_lib
creating /home/matthew-cromer/Documents/ros2-pubsub-from-scratch/install/py_pubsub/lib/python3.12/site-packages/py_pubsub
copying /home/matthew-cromer/Documents/ros2-pubsub-from-scratch/build/py_pubsub/build/lib/py_pubsub/publisher.py -> /home/matthew-cromer/Documents/ros2-pubsub-from-scratch/install/py_pubsub/lib/python3.12/site-packages/py_pubsub
copying /home/matthew-cromer/Documents/ros2-pubsub-from-scratch/build/py_pubsub/build/lib/py_pubsub/subscriber.py -> /home/matthew-cromer/Documents/ros2-pubsub-from-scratch/install/py_pubsub/lib/python3.12/site-packages/py_pubsub
copying /home/matthew-cromer/Documents/ros2-pubsub-from-scratch/build/py_pubsub/build/lib/py_pubsub/__init__.py -> /home/matthew-cromer/Documents/ros2-pubsub-from-scratch/install/py_pubsub/lib/python3.12/site-packages/py_pubsub
byte-compiling /home/matthew-cromer/Documents/ros2-pubsub-from-scratch/install/py_pubsub/lib/python3.12/site-packages/py_pubsub/publisher.py to publisher.cpython-312.pyc
byte-compiling /home/matthew-cromer/Documents/ros2-pubsub-from-scratch/install/py_pubsub/lib/python3.12/site-packages/py_pubsub/subscriber.py to subscriber.cpython-312.pyc
byte-compiling /home/matthew-cromer/Documents/ros2-pubsub-from-scratch/install/py_pubsub/lib/python3.12/site-packages/py_pubsub/__init__.py to __init__.cpython-312.pyc
running install_data
creating /home/matthew-cromer/Documents/ros2-pubsub-from-scratch/install/py_pubsub/share
creating /home/matthew-cromer/Documents/ros2-pubsub-from-scratch/install/py_pubsub/share/ament_index
creating /home/matthew-cromer/Documents/ros2-pubsub-from-scratch/install/py_pubsub/share/ament_index/resource_index
creating /home/matthew-cromer/Documents/ros2-pubsub-from-scratch/install/py_pubsub/share/ament_index/resource_index/packages
