[0.802s] Invoking command in '/home/matthew-cromer/Documents/ros2-pubsub-from-scratch/src/py_pubsub': DEBUGINFOD_URLS=https://debuginfod.ubuntu.com PYTHONPATH=/home/matthew-cromer/Documents/ros2-pubsub-from-scratch/build/py_pubsub/prefix_override:/usr/lib/python3/dist-packages/colcon_core/task/python/colcon_distutils_commands:/home/matthew-cromer/Documents/ros2-pubsub-from-scratch/install/py_pubsub/lib/python3.12/site-packages:${PYTHONPATH} /usr/bin/python3 -W ignore:setup.py install is deprecated -W ignore:easy_install command is deprecated setup.py egg_info --egg-base ../../build/py_pubsub build --build-base /home/matthew-cromer/Documents/ros2-pubsub-from-scratch/build/py_pubsub/build install --record /home/matthew-cromer/Documents/ros2-pubsub-from-scratch/build/py_pubsub/install.log --single-version-externally-managed install_data
[1.043s] running egg_info
[1.044s] creating ../../build/py_pubsub/py_pubsub.egg-info
[1.062s] writing ../../build/py_pubsub/py_pubsub.egg-info/PKG-INFO
[1.062s] writing dependency_links to ../../build/py_pubsub/py_pubsub.egg-info/dependency_links.txt
[1.062s] writing entry points to ../../build/py_pubsub/py_pubsub.egg-info/entry_points.txt
[1.062s] writing requirements to ../../build/py_pubsub/py_pubsub.egg-info/requires.txt
[1.062s] writing top-level names to ../../build/py_pubsub/py_pubsub.egg-info/top_level.txt
[1.062s] writing manifest file '../../build/py_pubsub/py_pubsub.egg-info/SOURCES.txt'
[1.098s] reading manifest file '../../build/py_pubsub/py_pubsub.egg-info/SOURCES.txt'
[1.099s] writing manifest file '../../build/py_pubsub/py_pubsub.egg-info/SOURCES.txt'
[1.099s] running build
[1.099s] running build_py
[1.099s] creating /home/matthew-cromer/Documents/ros2-pubsub-from-scratch/build/py_pubsub/build
[1.099s] creating /home/matthew-cromer/Documents/ros2-pubsub-from-scratch/build/py_pubsub/build/lib
[1.099s] creating /home/matthew-cromer/Documents/ros2-pubsub-from-scratch/build/py_pubsub/build/lib/py_pubsub
[1.099s] copying py_pubsub/publisher.py -> /home/matthew-cromer/Documents/ros2-pubsub-from-scratch/build/py_pubsub/build/lib/py_pubsub
[1.099s] copying py_pubsub/subscriber.py -> /home/matthew-cromer/Documents/ros2-pubsub-from-scratch/build/py_pubsub/build/lib/py_pubsub
[1.099s] copying py_pubsub/__init__.py -> /home/matthew-cromer/Documents/ros2-pubsub-from-scratch/build/py_pubsub/build/lib/py_pubsub
[1.100s] running install
[1.105s] running install_lib
[1.133s] creating /home/matthew-cromer/Documents/ros2-pubsub-from-scratch/install/py_pubsub/lib/python3.12/site-packages/py_pubsub
[1.133s] copying /home/matthew-cromer/Documents/ros2-pubsub-from-scratch/build/py_pubsub/build/lib/py_pubsub/publisher.py -> /home/matthew-cromer/Documents/ros2-pubsub-from-scratch/install/py_pubsub/lib/python3.12/site-packages/py_pubsub
[1.133s] copying /home/matthew-cromer/Documents/ros2-pubsub-from-scratch/build/py_pubsub/build/lib/py_pubsub/subscriber.py -> /home/matthew-cromer/Documents/ros2-pubsub-from-scratch/install/py_pubsub/lib/python3.12/site-packages/py_pubsub
[1.134s] copying /home/matthew-cromer/Documents/ros2-pubsub-from-scratch/build/py_pubsub/build/lib/py_pubsub/__init__.py -> /home/matthew-cromer/Documents/ros2-pubsub-from-scratch/install/py_pubsub/lib/python3.12/site-packages/py_pubsub
[1.134s] byte-compiling /home/matthew-cromer/Documents/ros2-pubsub-from-scratch/install/py_pubsub/lib/python3.12/site-packages/py_pubsub/publisher.py to publisher.cpython-312.pyc
[1.134s] byte-compiling /home/matthew-cromer/Documents/ros2-pubsub-from-scratch/install/py_pubsub/lib/python3.12/site-packages/py_pubsub/subscriber.py to subscriber.cpython-312.pyc
[1.135s] byte-compiling /home/matthew-cromer/Documents/ros2-pubsub-from-scratch/install/py_pubsub/lib/python3.12/site-packages/py_pubsub/__init__.py to __init__.cpython-312.pyc
[1.135s] running install_data
[1.135s] creating /home/matthew-cromer/Documents/ros2-pubsub-from-scratch/install/py_pubsub/share
[1.135s] creating /home/matthew-cromer/Documents/ros2-pubsub-from-scratch/install/py_pubsub/share/ament_index
[1.135s] creating /home/matthew-cromer/Documents/ros2-pubsub-from-scratch/install/py_pubsub/share/ament_index/resource_index
[1.135s] error: can't copy 'resource/py_pubsub': doesn't exist or not a regular file
[1.135s] creating /home/matthew-cromer/Documents/ros2-pubsub-from-scratch/install/py_pubsub/share/ament_index/resource_index/packages
[1.148s] Invoked command in '/home/matthew-cromer/Documents/ros2-pubsub-from-scratch/src/py_pubsub' returned '1': DEBUGINFOD_URLS=https://debuginfod.ubuntu.com PYTHONPATH=/home/matthew-cromer/Documents/ros2-pubsub-from-scratch/build/py_pubsub/prefix_override:/usr/lib/python3/dist-packages/colcon_core/task/python/colcon_distutils_commands:/home/matthew-cromer/Documents/ros2-pubsub-from-scratch/install/py_pubsub/lib/python3.12/site-packages:${PYTHONPATH} /usr/bin/python3 -W ignore:setup.py install is deprecated -W ignore:easy_install command is deprecated setup.py egg_info --egg-base ../../build/py_pubsub build --build-base /home/matthew-cromer/Documents/ros2-pubsub-from-scratch/build/py_pubsub/build install --record /home/matthew-cromer/Documents/ros2-pubsub-from-scratch/build/py_pubsub/install.log --single-version-externally-managed install_data
