[0.675s] Invoking command in '/home/matthew-cromer/Documents/ros2-pubsub-from-scratch/src/py_pubsub': DEBUGINFOD_URLS=https://debuginfod.ubuntu.com PYTHONPATH=/home/matthew-cromer/Documents/ros2-pubsub-from-scratch/build/py_pubsub/prefix_override:/usr/lib/python3/dist-packages/colcon_core/task/python/colcon_distutils_commands:/home/matthew-cromer/Documents/ros2-pubsub-from-scratch/install/py_pubsub/lib/python3.12/site-packages:${PYTHONPATH} /usr/bin/python3 -W ignore:setup.py install is deprecated -W ignore:easy_install command is deprecated setup.py egg_info --egg-base ../../build/py_pubsub build --build-base /home/matthew-cromer/Documents/ros2-pubsub-from-scratch/build/py_pubsub/build install --record /home/matthew-cromer/Documents/ros2-pubsub-from-scratch/build/py_pubsub/install.log --single-version-externally-managed install_data
[0.910s] running egg_info
[0.930s] writing ../../build/py_pubsub/py_pubsub.egg-info/PKG-INFO
[0.931s] writing dependency_links to ../../build/py_pubsub/py_pubsub.egg-info/dependency_links.txt
[0.931s] writing entry points to ../../build/py_pubsub/py_pubsub.egg-info/entry_points.txt
[0.931s] writing requirements to ../../build/py_pubsub/py_pubsub.egg-info/requires.txt
[0.931s] writing top-level names to ../../build/py_pubsub/py_pubsub.egg-info/top_level.txt
[0.969s] reading manifest file '../../build/py_pubsub/py_pubsub.egg-info/SOURCES.txt'
[0.970s] writing manifest file '../../build/py_pubsub/py_pubsub.egg-info/SOURCES.txt'
[0.970s] running build
[0.970s] running build_py
[0.970s] running install
[0.975s] running install_lib
[0.994s] running install_data
[0.994s] copying package.xml -> /home/matthew-cromer/Documents/ros2-pubsub-from-scratch/install/py_pubsub/share/py_pubsub
[0.994s] running install_egg_info
[1.015s] removing '/home/matthew-cromer/Documents/ros2-pubsub-from-scratch/install/py_pubsub/lib/python3.12/site-packages/py_pubsub-0.0.1-py3.12.egg-info' (and everything under it)
[1.015s] Copying ../../build/py_pubsub/py_pubsub.egg-info to /home/matthew-cromer/Documents/ros2-pubsub-from-scratch/install/py_pubsub/lib/python3.12/site-packages/py_pubsub-0.0.1-py3.12.egg-info
[1.016s] running install_scripts
[1.146s] Installing listener script to /home/matthew-cromer/Documents/ros2-pubsub-from-scratch/install/py_pubsub/lib/py_pubsub
[1.146s] Installing talker script to /home/matthew-cromer/Documents/ros2-pubsub-from-scratch/install/py_pubsub/lib/py_pubsub
[1.146s] writing list of installed files to '/home/matthew-cromer/Documents/ros2-pubsub-from-scratch/build/py_pubsub/install.log'
[1.163s] Invoked command in '/home/matthew-cromer/Documents/ros2-pubsub-from-scratch/src/py_pubsub' returned '0': DEBUGINFOD_URLS=https://debuginfod.ubuntu.com PYTHONPATH=/home/matthew-cromer/Documents/ros2-pubsub-from-scratch/build/py_pubsub/prefix_override:/usr/lib/python3/dist-packages/colcon_core/task/python/colcon_distutils_commands:/home/matthew-cromer/Documents/ros2-pubsub-from-scratch/install/py_pubsub/lib/python3.12/site-packages:${PYTHONPATH} /usr/bin/python3 -W ignore:setup.py install is deprecated -W ignore:easy_install command is deprecated setup.py egg_info --egg-base ../../build/py_pubsub build --build-base /home/matthew-cromer/Documents/ros2-pubsub-from-scratch/build/py_pubsub/build install --record /home/matthew-cromer/Documents/ros2-pubsub-from-scratch/build/py_pubsub/install.log --single-version-externally-managed install_data
